<?xml version="1.0" encoding="UTF-8"?>
<testsuite xmlns:xsi="http://www.w3.org/2001/XMLSchema-instance" xsi:noNamespaceSchemaLocation="https://maven.apache.org/surefire/maven-surefire-plugin/xsd/surefire-test-report.xsd" version="3.0.2" name="com.example.ReportingService.ReportingServiceApplicationTests" time="11.521" tests="1" errors="0" skipped="0" failures="0">
  <properties>
[...]
</properties>
  <testcase name="contextLoads" classname="com.example.ReportingService.ReportingServiceApplicationTests" time="0.979">
    <system-out><![CDATA[18:23:41.240 [main] INFO org.springframework.test.context.support.AnnotationConfigContextLoaderUtils -- Could not detect default configuration classes for test class [com.example.ReportingService.ReportingServiceApplicationTests]: ReportingServiceApplicationTests does not declare any static, non-private, non-final, nested classes annotated with @Configuration.
18:23:41.441 [main] INFO org.springframework.boot.test.context.SpringBootTestContextBootstrapper -- Found @SpringBootConfiguration com.example.ReportingService.ReportingServiceApplication for test class com.example.ReportingService.ReportingServiceApplicationTests

  .   ____          _            __ _ _
 /\\ / ___'_ __ _ _(_)_ __  __ _ \ \ \ \
( ( )\___ | '_ | '_| | '_ \/ _` | \ \ \ \
 \\/  ___)| |_)| | | | | || (_| |  ) ) ) )
  '  |____| .__|_| |_|_| |_\__, | / / / /
 =========|_|==============|___/=/_/_/_/

 :: Spring Boot ::                (v3.4.1)

2025-01-03T18:23:42.391+05:30  INFO 8624 --- [ReportingService] [           main] c.e.R.ReportingServiceApplicationTests   : Starting ReportingServiceApplicationTests using Java 17.0.12 with PID 8624 (started by Sristi in C:\Users\Sristi\Downloads\ReportingService\ReportingService)
2025-01-03T18:23:42.391+05:30  INFO 8624 --- [ReportingService] [           main] c.e.R.ReportingServiceApplicationTests   : No active profile set, falling back to 1 default profile: "default"
2025-01-03T18:23:43.876+05:30  INFO 8624 --- [ReportingService] [           main] .s.d.r.c.RepositoryConfigurationDelegate : Bootstrapping Spring Data JPA repositories in DEFAULT mode.
2025-01-03T18:23:44.072+05:30  INFO 8624 --- [ReportingService] [           main] .s.d.r.c.RepositoryConfigurationDelegate : Finished Spring Data repository scanning in 170 ms. Found 1 JPA repository interface.
2025-01-03T18:23:45.246+05:30  INFO 8624 --- [ReportingService] [           main] o.hibernate.jpa.internal.util.LogHelper  : HHH000204: Processing PersistenceUnitInfo [name: default]
2025-01-03T18:23:45.356+05:30  INFO 8624 --- [ReportingService] [           main] org.hibernate.Version                    : HHH000412: Hibernate ORM core version 6.6.4.Final
2025-01-03T18:23:45.420+05:30  INFO 8624 --- [ReportingService] [           main] o.h.c.internal.RegionFactoryInitiator    : HHH000026: Second-level cache disabled
2025-01-03T18:23:46.196+05:30  INFO 8624 --- [ReportingService] [           main] o.s.o.j.p.SpringPersistenceUnitInfo      : No LoadTimeWeaver setup: ignoring JPA class transformer
2025-01-03T18:23:46.264+05:30  INFO 8624 --- [ReportingService] [           main] com.zaxxer.hikari.HikariDataSource       : HikariPool-1 - Starting...
2025-01-03T18:23:46.739+05:30  INFO 8624 --- [ReportingService] [           main] com.zaxxer.hikari.pool.HikariPool        : HikariPool-1 - Added connection org.postgresql.jdbc.PgConnection@7893c715
2025-01-03T18:23:46.745+05:30  INFO 8624 --- [ReportingService] [           main] com.zaxxer.hikari.HikariDataSource       : HikariPool-1 - Start completed.
2025-01-03T18:23:46.900+05:30  INFO 8624 --- [ReportingService] [           main] org.hibernate.orm.connections.pooling    : HHH10001005: Database info:
	Database JDBC URL [Connecting through datasource 'HikariDataSource (HikariPool-1)']
	Database driver: undefined/unknown
	Database version: 17.2
	Autocommit mode: undefined/unknown
	Isolation level: undefined/unknown
	Minimum pool size: undefined/unknown
	Maximum pool size: undefined/unknown
2025-01-03T18:23:48.485+05:30  INFO 8624 --- [ReportingService] [           main] o.h.e.t.j.p.i.JtaPlatformInitiator       : HHH000489: No JTA platform available (set 'hibernate.transaction.jta.platform' to enable JTA platform integration)
2025-01-03T18:23:48.583+05:30  INFO 8624 --- [ReportingService] [           main] j.LocalContainerEntityManagerFactoryBean : Initialized JPA EntityManagerFactory for persistence unit 'default'
2025-01-03T18:23:49.485+05:30  WARN 8624 --- [ReportingService] [           main] JpaBaseConfiguration$JpaWebConfiguration : spring.jpa.open-in-view is enabled by default. Therefore, database queries may be performed during view rendering. Explicitly configure spring.jpa.open-in-view to disable this warning
2025-01-03T18:23:51.021+05:30  INFO 8624 --- [ReportingService] [           main] o.a.k.clients.consumer.ConsumerConfig    : ConsumerConfig values: 
	allow.auto.create.topics = true
	auto.commit.interval.ms = 5000
	auto.include.jmx.reporter = true
	auto.offset.reset = latest
	bootstrap.servers = [localhost:9093]
	check.crcs = true
	client.dns.lookup = use_all_dns_ips
	client.id = consumer-creditCardGroup-1
	client.rack = 
	connections.max.idle.ms = 540000
	default.api.timeout.ms = 60000
	enable.auto.commit = false
	enable.metrics.push = true
	exclude.internal.topics = true
	fetch.max.bytes = 52428800
	fetch.max.wait.ms = 500
	fetch.min.bytes = 1
	group.id = creditCardGroup
	group.instance.id = null
	group.protocol = classic
	group.remote.assignor = null
	heartbeat.interval.ms = 3000
	interceptor.classes = []
	internal.leave.group.on.close = true
	internal.throw.on.fetch.stable.offset.unsupported = false
	isolation.level = read_uncommitted
	key.deserializer = class org.apache.kafka.common.serialization.StringDeserializer
	max.partition.fetch.bytes = 1048576
	max.poll.interval.ms = 300000
	max.poll.records = 500
	metadata.max.age.ms = 300000
	metadata.recovery.strategy = none
	metric.reporters = []
	metrics.num.samples = 2
	metrics.recording.level = INFO
	metrics.sample.window.ms = 30000
	partition.assignment.strategy = [class org.apache.kafka.clients.consumer.RangeAssignor, class org.apache.kafka.clients.consumer.CooperativeStickyAssignor]
	receive.buffer.bytes = 65536
	reconnect.backoff.max.ms = 1000
	reconnect.backoff.ms = 50
	request.timeout.ms = 30000
	retry.backoff.max.ms = 1000
	retry.backoff.ms = 100
	sasl.client.callback.handler.class = null
	sasl.jaas.config = null
	sasl.kerberos.kinit.cmd = /usr/bin/kinit
	sasl.kerberos.min.time.before.relogin = 60000
	sasl.kerberos.service.name = null
	sasl.kerberos.ticket.renew.jitter = 0.05
	sasl.kerberos.ticket.renew.window.factor = 0.8
	sasl.login.callback.handler.class = null
	sasl.login.class = null
	sasl.login.connect.timeout.ms = null
	sasl.login.read.timeout.ms = null
	sasl.login.refresh.buffer.seconds = 300
	sasl.login.refresh.min.period.seconds = 60
	sasl.login.refresh.window.factor = 0.8
	sasl.login.refresh.window.jitter = 0.05
	sasl.login.retry.backoff.max.ms = 10000
	sasl.login.retry.backoff.ms = 100
	sasl.mechanism = GSSAPI
	sasl.oauthbearer.clock.skew.seconds = 30
	sasl.oauthbearer.expected.audience = null
	sasl.oauthbearer.expected.issuer = null
	sasl.oauthbearer.jwks.endpoint.refresh.ms = 3600000
	sasl.oauthbearer.jwks.endpoint.retry.backoff.max.ms = 10000
	sasl.oauthbearer.jwks.endpoint.retry.backoff.ms = 100
	sasl.oauthbearer.jwks.endpoint.url = null
	sasl.oauthbearer.scope.claim.name = scope
	sasl.oauthbearer.sub.claim.name = sub
	sasl.oauthbearer.token.endpoint.url = null
	security.protocol = PLAINTEXT
	security.providers = null
	send.buffer.bytes = 131072
	session.timeout.ms = 45000
	socket.connection.setup.timeout.max.ms = 30000
	socket.connection.setup.timeout.ms = 10000
	ssl.cipher.suites = null
	ssl.enabled.protocols = [TLSv1.2, TLSv1.3]
	ssl.endpoint.identification.algorithm = https
	ssl.engine.factory.class = null
	ssl.key.password = null
	ssl.keymanager.algorithm = SunX509
	ssl.keystore.certificate.chain = null
	ssl.keystore.key = null
	ssl.keystore.location = null
	ssl.keystore.password = null
	ssl.keystore.type = JKS
	ssl.protocol = TLSv1.3
	ssl.provider = null
	ssl.secure.random.implementation = null
	ssl.trustmanager.algorithm = PKIX
	ssl.truststore.certificates = null
	ssl.truststore.location = null
	ssl.truststore.password = null
	ssl.truststore.type = JKS
	value.deserializer = class org.springframework.kafka.support.serializer.ErrorHandlingDeserializer

2025-01-03T18:23:51.106+05:30  INFO 8624 --- [ReportingService] [           main] o.a.k.c.t.i.KafkaMetricsCollector        : initializing Kafka metrics collector
2025-01-03T18:23:51.355+05:30  INFO 8624 --- [ReportingService] [           main] o.a.kafka.common.utils.AppInfoParser     : Kafka version: 3.8.1
2025-01-03T18:23:51.355+05:30  INFO 8624 --- [ReportingService] [           main] o.a.kafka.common.utils.AppInfoParser     : Kafka commitId: 70d6ff42debf7e17
2025-01-03T18:23:51.355+05:30  INFO 8624 --- [ReportingService] [           main] o.a.kafka.common.utils.AppInfoParser     : Kafka startTimeMs: 1735908831355
2025-01-03T18:23:51.369+05:30  INFO 8624 --- [ReportingService] [           main] o.a.k.c.c.internals.LegacyKafkaConsumer  : [Consumer clientId=consumer-creditCardGroup-1, groupId=creditCardGroup] Subscribed to topic(s): creditCardReports
2025-01-03T18:23:51.421+05:30  INFO 8624 --- [ReportingService] [           main] c.e.R.ReportingServiceApplicationTests   : Started ReportingServiceApplicationTests in 9.6 seconds (process running for 11.665)
2025-01-03T18:23:52.330+05:30  INFO 8624 --- [ReportingService] [ntainer#0-0-C-1] org.apache.kafka.clients.NetworkClient   : [Consumer clientId=consumer-creditCardGroup-1, groupId=creditCardGroup] Node -1 disconnected.
2025-01-03T18:23:52.332+05:30  WARN 8624 --- [ReportingService] [ntainer#0-0-C-1] org.apache.kafka.clients.NetworkClient   : [Consumer clientId=consumer-creditCardGroup-1, groupId=creditCardGroup] Connection to node -1 (localhost/127.0.0.1:9093) could not be established. Node may not be available.
2025-01-03T18:23:52.332+05:30  WARN 8624 --- [ReportingService] [ntainer#0-0-C-1] org.apache.kafka.clients.NetworkClient   : [Consumer clientId=consumer-creditCardGroup-1, groupId=creditCardGroup] Bootstrap broker localhost:9093 (id: -1 rack: null) disconnected
2025-01-03T18:23:52.437+05:30  INFO 8624 --- [ReportingService] [ntainer#0-0-C-1] org.apache.kafka.clients.NetworkClient   : [Consumer clientId=consumer-creditCardGroup-1, groupId=creditCardGroup] Node -1 disconnected.
2025-01-03T18:23:52.437+05:30  WARN 8624 --- [ReportingService] [ntainer#0-0-C-1] org.apache.kafka.clients.NetworkClient   : [Consumer clientId=consumer-creditCardGroup-1, groupId=creditCardGroup] Connection to node -1 (localhost/127.0.0.1:9093) could not be established. Node may not be available.
2025-01-03T18:23:52.437+05:30  WARN 8624 --- [ReportingService] [ntainer#0-0-C-1] org.apache.kafka.clients.NetworkClient   : [Consumer clientId=consumer-creditCardGroup-1, groupId=creditCardGroup] Bootstrap broker localhost:9093 (id: -1 rack: null) disconnected
]]></system-out>
  </testcase>
</testsuite>